<?xml version="1.0" encoding="UTF-8"?>
<testng-results ignored="0" total="1" passed="1" failed="0" skipped="0">
  <reporter-output>
  </reporter-output>
  <suite started-at="2021-02-28T20:07:18 IST" name="Default suite" finished-at="2021-02-28T20:07:51 IST" duration-ms="32979">
    <groups>
    </groups>
    <test started-at="2021-02-28T20:07:18 IST" name="Default test" finished-at="2021-02-28T20:07:51 IST" duration-ms="32979">
      <class name="com.application.testcases.WEB_OV_03_VerifyProductsInWishList">
        <test-method signature="verifyProductsInWishList()[pri:0, instance:com.application.testcases.WEB_OV_03_VerifyProductsInWishList@46fa7c39]" started-at="2021-02-28T20:07:18 IST" name="verifyProductsInWishList" finished-at="2021-02-28T20:07:51 IST" duration-ms="32939" status="PASS">
          <reporter-output>
          </reporter-output>
        </test-method> <!-- verifyProductsInWishList -->
      </class> <!-- com.application.testcases.WEB_OV_03_VerifyProductsInWishList -->
    </test> <!-- Default test -->
  </suite> <!-- Default suite -->
</testng-results>
